{"/Users/tejaswinimalaga/Desktop/FSD Training/fullstacktraining/Express with Mongoose/app.js": {"path":"/Users/tejaswinimalaga/Desktop/FSD Training/fullstacktraining/Express with Mongoose/app.js","statementMap":{"0":{"start":{"line":1,"column":16},"end":{"line":1,"column":34}},"1":{"start":{"line":2,"column":12},"end":{"line":2,"column":21}},"2":{"start":{"line":3,"column":16},"end":{"line":3,"column":52}},"3":{"start":{"line":4,"column":19},"end":{"line":4,"column":50}},"4":{"start":{"line":6,"column":0},"end":{"line":6,"column":18}},"5":{"start":{"line":8,"column":0},"end":{"line":8,"column":24}},"6":{"start":{"line":9,"column":0},"end":{"line":9,"column":29}},"7":{"start":{"line":10,"column":0},"end":{"line":12,"column":3}},"8":{"start":{"line":11,"column":3},"end":{"line":11,"column":49}},"9":{"start":{"line":14,"column":0},"end":{"line":16,"column":3}},"10":{"start":{"line":15,"column":3},"end":{"line":15,"column":27}},"11":{"start":{"line":18,"column":0},"end":{"line":20,"column":2}},"12":{"start":{"line":19,"column":3},"end":{"line":19,"column":51}},"13":{"start":{"line":23,"column":0},"end":{"line":23,"column":20}}},"fnMap":{"0":{"name":"(anonymous_0)","decl":{"start":{"line":10,"column":8},"end":{"line":10,"column":9}},"loc":{"start":{"line":10,"column":30},"end":{"line":12,"column":1}},"line":10},"1":{"name":"(anonymous_1)","decl":{"start":{"line":14,"column":12},"end":{"line":14,"column":13}},"loc":{"start":{"line":14,"column":23},"end":{"line":16,"column":1}},"line":14},"2":{"name":"(anonymous_2)","decl":{"start":{"line":18,"column":16},"end":{"line":18,"column":17}},"loc":{"start":{"line":18,"column":20},"end":{"line":20,"column":1}},"line":18}},"branchMap":{},"s":{"0":1,"1":1,"2":1,"3":1,"4":1,"5":1,"6":1,"7":1,"8":1,"9":1,"10":0,"11":1,"12":1,"13":1},"f":{"0":1,"1":0,"2":1},"b":{},"_coverageSchema":"1a1c01bbd47fc00a2c39e90264f33305004495a9","hash":"716af3e9f00d67e351454b8f5f5af43573a11861"}
,"/Users/tejaswinimalaga/Desktop/FSD Training/fullstacktraining/Express with Mongoose/controllers/TodoController.js": {"path":"/Users/tejaswinimalaga/Desktop/FSD Training/fullstacktraining/Express with Mongoose/controllers/TodoController.js","statementMap":{"0":{"start":{"line":1,"column":18},"end":{"line":1,"column":48}},"1":{"start":{"line":3,"column":0},"end":{"line":10,"column":2}},"2":{"start":{"line":4,"column":1},"end":{"line":9,"column":2}},"3":{"start":{"line":5,"column":24},"end":{"line":5,"column":56}},"4":{"start":{"line":6,"column":3},"end":{"line":6,"column":38}},"5":{"start":{"line":8,"column":3},"end":{"line":8,"column":13}},"6":{"start":{"line":12,"column":0},"end":{"line":19,"column":2}},"7":{"start":{"line":13,"column":1},"end":{"line":18,"column":2}},"8":{"start":{"line":14,"column":20},"end":{"line":14,"column":44}},"9":{"start":{"line":15,"column":3},"end":{"line":15,"column":34}},"10":{"start":{"line":17,"column":3},"end":{"line":17,"column":13}},"11":{"start":{"line":21,"column":0},"end":{"line":32,"column":2}},"12":{"start":{"line":22,"column":1},"end":{"line":31,"column":2}},"13":{"start":{"line":23,"column":21},"end":{"line":23,"column":64}},"14":{"start":{"line":24,"column":3},"end":{"line":28,"column":4}},"15":{"start":{"line":25,"column":5},"end":{"line":25,"column":37}},"16":{"start":{"line":27,"column":5},"end":{"line":27,"column":28}},"17":{"start":{"line":30,"column":3},"end":{"line":30,"column":13}},"18":{"start":{"line":34,"column":0},"end":{"line":52,"column":2}},"19":{"start":{"line":35,"column":1},"end":{"line":51,"column":2}},"20":{"start":{"line":36,"column":23},"end":{"line":43,"column":4}},"21":{"start":{"line":44,"column":3},"end":{"line":48,"column":4}},"22":{"start":{"line":45,"column":5},"end":{"line":45,"column":39}},"23":{"start":{"line":47,"column":5},"end":{"line":47,"column":28}},"24":{"start":{"line":50,"column":3},"end":{"line":50,"column":13}},"25":{"start":{"line":54,"column":0},"end":{"line":66,"column":2}},"26":{"start":{"line":55,"column":1},"end":{"line":65,"column":2}},"27":{"start":{"line":56,"column":23},"end":{"line":56,"column":75}},"28":{"start":{"line":58,"column":3},"end":{"line":62,"column":4}},"29":{"start":{"line":59,"column":5},"end":{"line":59,"column":39}},"30":{"start":{"line":61,"column":5},"end":{"line":61,"column":28}},"31":{"start":{"line":64,"column":3},"end":{"line":64,"column":13}}},"fnMap":{"0":{"name":"(anonymous_0)","decl":{"start":{"line":3,"column":21},"end":{"line":3,"column":22}},"loc":{"start":{"line":3,"column":47},"end":{"line":10,"column":1}},"line":3},"1":{"name":"(anonymous_1)","decl":{"start":{"line":12,"column":19},"end":{"line":12,"column":20}},"loc":{"start":{"line":12,"column":45},"end":{"line":19,"column":1}},"line":12},"2":{"name":"(anonymous_2)","decl":{"start":{"line":21,"column":22},"end":{"line":21,"column":23}},"loc":{"start":{"line":21,"column":48},"end":{"line":32,"column":1}},"line":21},"3":{"name":"(anonymous_3)","decl":{"start":{"line":34,"column":21},"end":{"line":34,"column":22}},"loc":{"start":{"line":34,"column":47},"end":{"line":52,"column":1}},"line":34},"4":{"name":"(anonymous_4)","decl":{"start":{"line":54,"column":21},"end":{"line":54,"column":22}},"loc":{"start":{"line":54,"column":47},"end":{"line":66,"column":1}},"line":54}},"branchMap":{"0":{"loc":{"start":{"line":24,"column":3},"end":{"line":28,"column":4}},"type":"if","locations":[{"start":{"line":24,"column":3},"end":{"line":28,"column":4}},{"start":{"line":26,"column":10},"end":{"line":28,"column":4}}],"line":24},"1":{"loc":{"start":{"line":44,"column":3},"end":{"line":48,"column":4}},"type":"if","locations":[{"start":{"line":44,"column":3},"end":{"line":48,"column":4}},{"start":{"line":46,"column":10},"end":{"line":48,"column":4}}],"line":44},"2":{"loc":{"start":{"line":58,"column":3},"end":{"line":62,"column":4}},"type":"if","locations":[{"start":{"line":58,"column":3},"end":{"line":62,"column":4}},{"start":{"line":60,"column":10},"end":{"line":62,"column":4}}],"line":58}},"s":{"0":2,"1":2,"2":6,"3":6,"4":4,"5":2,"6":2,"7":4,"8":4,"9":3,"10":1,"11":2,"12":7,"13":7,"14":6,"15":2,"16":4,"17":1,"18":2,"19":5,"20":5,"21":4,"22":2,"23":2,"24":1,"25":2,"26":6,"27":6,"28":5,"29":2,"30":3,"31":1},"f":{"0":6,"1":4,"2":7,"3":5,"4":6},"b":{"0":[2,4],"1":[2,2],"2":[2,3]},"_coverageSchema":"1a1c01bbd47fc00a2c39e90264f33305004495a9","hash":"485a18f56cbd473cc2e245fd7d11d0d878e62aaa"}
,"/Users/tejaswinimalaga/Desktop/FSD Training/fullstacktraining/Express with Mongoose/models/TodoModel.js": {"path":"/Users/tejaswinimalaga/Desktop/FSD Training/fullstacktraining/Express with Mongoose/models/TodoModel.js","statementMap":{"0":{"start":{"line":1,"column":17},"end":{"line":1,"column":36}},"1":{"start":{"line":2,"column":19},"end":{"line":11,"column":2}},"2":{"start":{"line":13,"column":18},"end":{"line":13,"column":51}},"3":{"start":{"line":14,"column":0},"end":{"line":14,"column":27}}},"fnMap":{},"branchMap":{},"s":{"0":2,"1":2,"2":2,"3":2},"f":{},"b":{},"_coverageSchema":"1a1c01bbd47fc00a2c39e90264f33305004495a9","hash":"11fa7b46b86f7200a4301354fc847806f8e6f652"}
,"/Users/tejaswinimalaga/Desktop/FSD Training/fullstacktraining/Express with Mongoose/mongodb/Mongodb.connect.js": {"path":"/Users/tejaswinimalaga/Desktop/FSD Training/fullstacktraining/Express with Mongoose/mongodb/Mongodb.connect.js","statementMap":{"0":{"start":{"line":1,"column":17},"end":{"line":1,"column":36}},"1":{"start":{"line":4,"column":3},"end":{"line":9,"column":4}},"2":{"start":{"line":5,"column":7},"end":{"line":5,"column":116}},"3":{"start":{"line":8,"column":7},"end":{"line":8,"column":53}},"4":{"start":{"line":11,"column":1},"end":{"line":11,"column":29}}},"fnMap":{"0":{"name":"connect","decl":{"start":{"line":3,"column":15},"end":{"line":3,"column":22}},"loc":{"start":{"line":3,"column":24},"end":{"line":10,"column":1}},"line":3}},"branchMap":{},"s":{"0":1,"1":1,"2":1,"3":0,"4":1},"f":{"0":1},"b":{},"_coverageSchema":"1a1c01bbd47fc00a2c39e90264f33305004495a9","hash":"b649ea6d4c544eedf6ec75a94839cb8705289df2"}
,"/Users/tejaswinimalaga/Desktop/FSD Training/fullstacktraining/Express with Mongoose/routes/todo.routes.js": {"path":"/Users/tejaswinimalaga/Desktop/FSD Training/fullstacktraining/Express with Mongoose/routes/todo.routes.js","statementMap":{"0":{"start":{"line":1,"column":16},"end":{"line":1,"column":34}},"1":{"start":{"line":2,"column":23},"end":{"line":2,"column":63}},"2":{"start":{"line":3,"column":15},"end":{"line":3,"column":31}},"3":{"start":{"line":5,"column":0},"end":{"line":5,"column":44}},"4":{"start":{"line":6,"column":0},"end":{"line":6,"column":41}},"5":{"start":{"line":7,"column":0},"end":{"line":7,"column":51}},"6":{"start":{"line":8,"column":0},"end":{"line":8,"column":50}},"7":{"start":{"line":9,"column":0},"end":{"line":9,"column":53}},"8":{"start":{"line":11,"column":0},"end":{"line":11,"column":24}}},"fnMap":{},"branchMap":{},"s":{"0":1,"1":1,"2":1,"3":1,"4":1,"5":1,"6":1,"7":1,"8":1},"f":{},"b":{},"_coverageSchema":"1a1c01bbd47fc00a2c39e90264f33305004495a9","hash":"971e131503331040e366f295f7535c47a62f3a7f"}
}
