TN:
SF:app.js
FN:10,(anonymous_0)
FN:14,(anonymous_1)
FN:18,(anonymous_2)
FNF:3
FNH:2
FNDA:1,(anonymous_0)
FNDA:0,(anonymous_1)
FNDA:1,(anonymous_2)
DA:1,1
DA:2,1
DA:3,1
DA:4,1
DA:6,1
DA:8,1
DA:9,1
DA:10,1
DA:11,1
DA:14,1
DA:15,0
DA:18,1
DA:19,1
DA:23,1
LF:14
LH:13
BRF:0
BRH:0
end_of_record
TN:
SF:controllers/TodoController.js
FN:3,(anonymous_0)
FN:12,(anonymous_1)
FN:21,(anonymous_2)
FN:34,(anonymous_3)
FN:54,(anonymous_4)
FNF:5
FNH:5
FNDA:6,(anonymous_0)
FNDA:4,(anonymous_1)
FNDA:7,(anonymous_2)
FNDA:5,(anonymous_3)
FNDA:6,(anonymous_4)
DA:1,2
DA:3,2
DA:4,6
DA:5,6
DA:6,4
DA:8,2
DA:12,2
DA:13,4
DA:14,4
DA:15,3
DA:17,1
DA:21,2
DA:22,7
DA:23,7
DA:24,6
DA:25,2
DA:27,4
DA:30,1
DA:34,2
DA:35,5
DA:36,5
DA:44,4
DA:45,2
DA:47,2
DA:50,1
DA:54,2
DA:55,6
DA:56,6
DA:58,5
DA:59,2
DA:61,3
DA:64,1
LF:32
LH:32
BRDA:24,0,0,2
BRDA:24,0,1,4
BRDA:44,1,0,2
BRDA:44,1,1,2
BRDA:58,2,0,2
BRDA:58,2,1,3
BRF:6
BRH:6
end_of_record
TN:
SF:models/TodoModel.js
FNF:0
FNH:0
DA:1,2
DA:2,2
DA:13,2
DA:14,2
LF:4
LH:4
BRF:0
BRH:0
end_of_record
TN:
SF:mongodb/Mongodb.connect.js
FN:3,connect
FNF:1
FNH:1
FNDA:1,connect
DA:1,1
DA:4,1
DA:5,1
DA:8,0
DA:11,1
LF:5
LH:4
BRF:0
BRH:0
end_of_record
TN:
SF:routes/todo.routes.js
FNF:0
FNH:0
DA:1,1
DA:2,1
DA:3,1
DA:5,1
DA:6,1
DA:7,1
DA:8,1
DA:9,1
DA:11,1
LF:9
LH:9
BRF:0
BRH:0
end_of_record
